<?xml version="1.0" encoding="UTF-8"?>
<!-- Generated by org.testng.reporters.JUnitXMLReporter -->
<testsuite ignored="0" hostname="IN-J3NN6S3" failures="0" tests="1" name="ChromeTest" time="0.902" errors="0" timestamp="2024-03-03T22:09:04 IST">
  <testcase classname="com.auto.qa.testflow.StepstoAutomate" name="@BeforeTest setup" time="0.804">
    <failure type="org.openqa.selenium.SessionNotCreatedException" message="Could not start a new session. Possible causes are invalid address of the remote server or browser start-up failure. 
Host info: host: &amp;apos;IN-J3NN6S3&amp;apos;, ip: &amp;apos;192.168.1.13&amp;apos;
Build info: version: &amp;apos;4.18.1&amp;apos;, revision: &amp;apos;b1d3319b48&amp;apos;
System info: os.name: &amp;apos;Windows 10&amp;apos;, os.arch: &amp;apos;amd64&amp;apos;, os.version: &amp;apos;10.0&amp;apos;, java.version: &amp;apos;21.0.2&amp;apos;
Driver info: org.openqa.selenium.remote.RemoteWebDriver
Command: [null, newSession {capabilities=[Capabilities {browser: Firefox, browser_version: 92.0, browserstack.console: info, browserstack.local: false, browserstack.networkLogs: true, browserstack.selenium_version: 3.10.0, browserstack.timezone: Kolkata, build: Build_3, name: Search_Product, os: Windows, os_version: 10, project: Flipkart_Product_Search}]}]
Capabilities {browser: Firefox, browser_version: 92.0, browserstack.console: info, browserstack.local: false, browserstack.networkLogs: true, browserstack.selenium_version: 3.10.0, browserstack.timezone: Kolkata, build: Build_3, name: Search_Product, os: Windows, os_version: 10, project: Flipkart_Product_Search}">
      <![CDATA[org.openqa.selenium.SessionNotCreatedException: Could not start a new session. Possible causes are invalid address of the remote server or browser start-up failure. 
Host info: host: 'IN-J3NN6S3', ip: '192.168.1.13'
Build info: version: '4.18.1', revision: 'b1d3319b48'
System info: os.name: 'Windows 10', os.arch: 'amd64', os.version: '10.0', java.version: '21.0.2'
Driver info: org.openqa.selenium.remote.RemoteWebDriver
Command: [null, newSession {capabilities=[Capabilities {browser: Firefox, browser_version: 92.0, browserstack.console: info, browserstack.local: false, browserstack.networkLogs: true, browserstack.selenium_version: 3.10.0, browserstack.timezone: Kolkata, build: Build_3, name: Search_Product, os: Windows, os_version: 10, project: Flipkart_Product_Search}]}]
Capabilities {browser: Firefox, browser_version: 92.0, browserstack.console: info, browserstack.local: false, browserstack.networkLogs: true, browserstack.selenium_version: 3.10.0, browserstack.timezone: Kolkata, build: Build_3, name: Search_Product, os: Windows, os_version: 10, project: Flipkart_Product_Search}
at org.openqa.selenium.remote.RemoteWebDriver.execute(RemoteWebDriver.java:537)
at org.openqa.selenium.remote.RemoteWebDriver.startSession(RemoteWebDriver.java:233)
at org.openqa.selenium.remote.RemoteWebDriver.<init>(RemoteWebDriver.java:162)
at org.openqa.selenium.remote.RemoteWebDriver.<init>(RemoteWebDriver.java:142)
at com.auto.qa.testflow.StepstoAutomate.setup(StepstoAutomate.java:76)
at java.base/java.util.concurrent.FutureTask.run(FutureTask.java:317)
at java.base/java.util.concurrent.ThreadPoolExecutor.runWorker(ThreadPoolExecutor.java:1144)
at java.base/java.util.concurrent.ThreadPoolExecutor$Worker.run(ThreadPoolExecutor.java:642)
at java.base/java.lang.Thread.run(Thread.java:1583)
Caused by: java.lang.IllegalArgumentException: Illegal key values seen in w3c capabilities: [browser, browser_version, browserstack.console, browserstack.local, browserstack.networkLogs, browserstack.selenium_version, browserstack.timezone, build, name, os, os_version, project]
at org.openqa.selenium.remote.NewSessionPayload.lambda$validate$5(NewSessionPayload.java:184)
at java.base/java.util.stream.ReferencePipeline$15$1.accept(ReferencePipeline.java:540)
at java.base/java.util.stream.ReferencePipeline$15$1.accept(ReferencePipeline.java:541)
at java.base/java.util.stream.ReferencePipeline$3$1.accept(ReferencePipeline.java:197)
at java.base/java.util.stream.ReferencePipeline$15$1.accept(ReferencePipeline.java:541)
at java.base/java.util.ArrayList$ArrayListSpliterator.forEachRemaining(ArrayList.java:1708)
at java.base/java.util.stream.AbstractPipeline.copyInto(AbstractPipeline.java:509)
at java.base/java.util.stream.AbstractPipeline.wrapAndCopyInto(AbstractPipeline.java:499)
at java.base/java.util.stream.ForEachOps$ForEachOp.evaluateSequential(ForEachOps.java:151)
at java.base/java.util.stream.ForEachOps$ForEachOp$OfRef.evaluateSequential(ForEachOps.java:174)
at java.base/java.util.stream.AbstractPipeline.evaluate(AbstractPipeline.java:234)
at java.base/java.util.stream.ReferencePipeline.forEach(ReferencePipeline.java:596)
at org.openqa.selenium.remote.NewSessionPayload.validate(NewSessionPayload.java:188)
at org.openqa.selenium.remote.NewSessionPayload.<init>(NewSessionPayload.java:88)
at org.openqa.selenium.remote.NewSessionPayload.create(NewSessionPayload.java:124)
at org.openqa.selenium.remote.NewSessionPayload.create(NewSessionPayload.java:108)
at org.openqa.selenium.remote.ProtocolHandshake.createSession(ProtocolHandshake.java:66)
at org.openqa.selenium.remote.HttpCommandExecutor.execute(HttpCommandExecutor.java:162)
at org.openqa.selenium.remote.TracedCommandExecutor.execute(TracedCommandExecutor.java:51)
at org.openqa.selenium.remote.RemoteWebDriver.execute(RemoteWebDriver.java:519)
... 20 more
... Removed 12 stack frames]]>
    </failure>
  </testcase> <!-- @BeforeTest setup -->
  <testcase classname="com.auto.qa.testflow.StepstoAutomate" name="@BeforeTest setup" time="0.804">
    <failure type="org.openqa.selenium.SessionNotCreatedException" message="Could not start a new session. Possible causes are invalid address of the remote server or browser start-up failure. 
Host info: host: &amp;apos;IN-J3NN6S3&amp;apos;, ip: &amp;apos;192.168.1.13&amp;apos;
Build info: version: &amp;apos;4.18.1&amp;apos;, revision: &amp;apos;b1d3319b48&amp;apos;
System info: os.name: &amp;apos;Windows 10&amp;apos;, os.arch: &amp;apos;amd64&amp;apos;, os.version: &amp;apos;10.0&amp;apos;, java.version: &amp;apos;21.0.2&amp;apos;
Driver info: org.openqa.selenium.remote.RemoteWebDriver
Command: [null, newSession {capabilities=[Capabilities {browser: Chrome, browser_version: 94.0, browserstack.console: info, browserstack.local: false, browserstack.networkLogs: true, browserstack.selenium_version: 3.14.0, browserstack.timezone: Kolkata, build: Build_3, name: Search_Product, os: Windows, os_version: 10, project: Flipkart_Product_Search}]}]
Capabilities {browser: Chrome, browser_version: 94.0, browserstack.console: info, browserstack.local: false, browserstack.networkLogs: true, browserstack.selenium_version: 3.14.0, browserstack.timezone: Kolkata, build: Build_3, name: Search_Product, os: Windows, os_version: 10, project: Flipkart_Product_Search}">
      <![CDATA[org.openqa.selenium.SessionNotCreatedException: Could not start a new session. Possible causes are invalid address of the remote server or browser start-up failure. 
Host info: host: 'IN-J3NN6S3', ip: '192.168.1.13'
Build info: version: '4.18.1', revision: 'b1d3319b48'
System info: os.name: 'Windows 10', os.arch: 'amd64', os.version: '10.0', java.version: '21.0.2'
Driver info: org.openqa.selenium.remote.RemoteWebDriver
Command: [null, newSession {capabilities=[Capabilities {browser: Chrome, browser_version: 94.0, browserstack.console: info, browserstack.local: false, browserstack.networkLogs: true, browserstack.selenium_version: 3.14.0, browserstack.timezone: Kolkata, build: Build_3, name: Search_Product, os: Windows, os_version: 10, project: Flipkart_Product_Search}]}]
Capabilities {browser: Chrome, browser_version: 94.0, browserstack.console: info, browserstack.local: false, browserstack.networkLogs: true, browserstack.selenium_version: 3.14.0, browserstack.timezone: Kolkata, build: Build_3, name: Search_Product, os: Windows, os_version: 10, project: Flipkart_Product_Search}
at org.openqa.selenium.remote.RemoteWebDriver.execute(RemoteWebDriver.java:537)
at org.openqa.selenium.remote.RemoteWebDriver.startSession(RemoteWebDriver.java:233)
at org.openqa.selenium.remote.RemoteWebDriver.<init>(RemoteWebDriver.java:162)
at org.openqa.selenium.remote.RemoteWebDriver.<init>(RemoteWebDriver.java:142)
at com.auto.qa.testflow.StepstoAutomate.setup(StepstoAutomate.java:61)
at java.base/java.util.concurrent.FutureTask.run(FutureTask.java:317)
at java.base/java.util.concurrent.ThreadPoolExecutor.runWorker(ThreadPoolExecutor.java:1144)
at java.base/java.util.concurrent.ThreadPoolExecutor$Worker.run(ThreadPoolExecutor.java:642)
at java.base/java.lang.Thread.run(Thread.java:1583)
Caused by: java.lang.IllegalArgumentException: Illegal key values seen in w3c capabilities: [browser, browser_version, browserstack.console, browserstack.local, browserstack.networkLogs, browserstack.selenium_version, browserstack.timezone, build, name, os, os_version, project]
at org.openqa.selenium.remote.NewSessionPayload.lambda$validate$5(NewSessionPayload.java:184)
at java.base/java.util.stream.ReferencePipeline$15$1.accept(ReferencePipeline.java:540)
at java.base/java.util.stream.ReferencePipeline$15$1.accept(ReferencePipeline.java:541)
at java.base/java.util.stream.ReferencePipeline$3$1.accept(ReferencePipeline.java:197)
at java.base/java.util.stream.ReferencePipeline$15$1.accept(ReferencePipeline.java:541)
at java.base/java.util.ArrayList$ArrayListSpliterator.forEachRemaining(ArrayList.java:1708)
at java.base/java.util.stream.AbstractPipeline.copyInto(AbstractPipeline.java:509)
at java.base/java.util.stream.AbstractPipeline.wrapAndCopyInto(AbstractPipeline.java:499)
at java.base/java.util.stream.ForEachOps$ForEachOp.evaluateSequential(ForEachOps.java:151)
at java.base/java.util.stream.ForEachOps$ForEachOp$OfRef.evaluateSequential(ForEachOps.java:174)
at java.base/java.util.stream.AbstractPipeline.evaluate(AbstractPipeline.java:234)
at java.base/java.util.stream.ReferencePipeline.forEach(ReferencePipeline.java:596)
at org.openqa.selenium.remote.NewSessionPayload.validate(NewSessionPayload.java:188)
at org.openqa.selenium.remote.NewSessionPayload.<init>(NewSessionPayload.java:88)
at org.openqa.selenium.remote.NewSessionPayload.create(NewSessionPayload.java:124)
at org.openqa.selenium.remote.NewSessionPayload.create(NewSessionPayload.java:108)
at org.openqa.selenium.remote.ProtocolHandshake.createSession(ProtocolHandshake.java:66)
at org.openqa.selenium.remote.HttpCommandExecutor.execute(HttpCommandExecutor.java:162)
at org.openqa.selenium.remote.TracedCommandExecutor.execute(TracedCommandExecutor.java:51)
at org.openqa.selenium.remote.RemoteWebDriver.execute(RemoteWebDriver.java:519)
... 20 more
... Removed 12 stack frames]]>
    </failure>
  </testcase> <!-- @BeforeTest setup -->
  <testcase classname="com.auto.qa.testflow.StepstoAutomate" name="@AfterMethod teardown" time="0.0">
    <skipped/>
  </testcase> <!-- @AfterMethod teardown -->
  <testcase classname="com.auto.qa.testflow.StepstoAutomate" name="@AfterMethod teardown" time="0.0">
    <skipped/>
  </testcase> <!-- @AfterMethod teardown -->
  <testcase classname="com.auto.qa.testflow.StepstoAutomate" name="TC_001" time="0.0">
    <skipped/>
  </testcase> <!-- TC_001 -->
</testsuite> <!-- ChromeTest -->
